{"numTotalTestSuites":2,"numPassedTestSuites":2,"numFailedTestSuites":0,"numPendingTestSuites":0,"numTotalTests":14,"numPassedTests":14,"numFailedTests":0,"numPendingTests":0,"numTodoTests":0,"snapshot":{"added":0,"failure":false,"filesAdded":0,"filesRemoved":0,"filesRemovedList":[],"filesUnmatched":0,"filesUpdated":0,"matched":0,"total":0,"unchecked":0,"uncheckedKeysByFile":[],"unmatched":0,"updated":0,"didUpdate":false},"startTime":1746014281389,"success":true,"testResults":[{"assertionResults":[{"ancestorTitles":["PictureCarousel"],"fullName":"PictureCarousel should throw an error if the element is not found","status":"passed","title":"should throw an error if the element is not found","duration":12.755417000000023,"failureMessages":[],"meta":{}},{"ancestorTitles":["PictureCarousel"],"fullName":"PictureCarousel should throw an error if call to species-list failed","status":"passed","title":"should throw an error if call to species-list failed","duration":4.124736999999982,"failureMessages":[],"meta":{}},{"ancestorTitles":["PictureCarousel"],"fullName":"PictureCarousel should not render the carousel if species-list returns no data","status":"passed","title":"should not render the carousel if species-list returns no data","duration":2.6450040000000286,"failureMessages":[],"meta":{}},{"ancestorTitles":["PictureCarousel"],"fullName":"PictureCarousel should not render the carousel if species-list returns no data","status":"passed","title":"should not render the carousel if species-list returns no data","duration":1.3934700000000362,"failureMessages":[],"meta":{}},{"ancestorTitles":["PictureCarousel"],"fullName":"PictureCarousel should not render the carousel if species-list returns no data","status":"passed","title":"should not render the carousel if species-list returns no data","duration":1.5526800000000094,"failureMessages":[],"meta":{}},{"ancestorTitles":["PictureCarousel"],"fullName":"PictureCarousel should not render the carousel if species-list returns no data","status":"passed","title":"should not render the carousel if species-list returns no data","duration":1.3675809999999728,"failureMessages":[],"meta":{}},{"ancestorTitles":["PictureCarousel"],"fullName":"PictureCarousel should not render the carousel if species-list returns no data","status":"passed","title":"should not render the carousel if species-list returns no data","duration":1.4382140000000163,"failureMessages":[],"meta":{}},{"ancestorTitles":["PictureCarousel"],"fullName":"PictureCarousel should not render the carousel if species-list returns no data","status":"passed","title":"should not render the carousel if species-list returns no data","duration":1.3783829999999853,"failureMessages":[],"meta":{}},{"ancestorTitles":["PictureCarousel"],"fullName":"PictureCarousel should not render the carousel if species-list returns no data","status":"passed","title":"should not render the carousel if species-list returns no data","duration":1.5057610000000068,"failureMessages":[],"meta":{}},{"ancestorTitles":["PictureCarousel"],"fullName":"PictureCarousel should not render the carousel if species-list returns no data","status":"passed","title":"should not render the carousel if species-list returns no data","duration":1.366439000000014,"failureMessages":[],"meta":{}},{"ancestorTitles":["PictureCarousel"],"fullName":"PictureCarousel should initialize and render the carousel given some data","status":"passed","title":"should initialize and render the carousel given some data","duration":3.0505359999999655,"failureMessages":[],"meta":{}},{"ancestorTitles":["PictureCarousel"],"fullName":"PictureCarousel should switch to new image after timeout given external image url","status":"passed","title":"should switch to new image after timeout given external image url","duration":7.872052999999994,"failureMessages":[],"meta":{}},{"ancestorTitles":["PictureCarousel"],"fullName":"PictureCarousel should display correct attribution and image after interval when using imageId","status":"passed","title":"should display correct attribution and image after interval when using imageId","duration":3.5567080000000715,"failureMessages":[],"meta":{}},{"ancestorTitles":["PictureCarousel"],"fullName":"PictureCarousel should display empty attribution when image-service return empty info","status":"passed","title":"should display empty attribution when image-service return empty info","duration":2.8890720000000556,"failureMessages":[],"meta":{}}],"startTime":1746014281877,"endTime":1746014281924.8892,"status":"passed","message":"","name":"/home/stefan/Projects/Inbo/vlaams-biodiversiteitsportaal/branding/src/index/picture-carousel.test.ts"}]}